<?xml version="1.0" encoding="UTF-8"?>
<!-- Generated by org.testng.reporters.JUnitXMLReporter -->
<testsuite ignored="0" hostname="Talib" failures="0" tests="4" name="Default test" time="97.954" errors="0" timestamp="2024-12-28T11:55:14 IST">
  <testcase classname="testCases.OrangeDDTLoginTest" name="VerifyLoginDDt" time="59.499"/>
  <testcase classname="testCases.OrangeDDTLoginTest" name="VerifyLoginDDt" time="10.034"/>
  <testcase classname="testCases.OrangeDDTLoginTest" name="VerifyLoginDDt" time="10.061"/>
  <testcase classname="testCases.OrangeDDTLoginTest" name="VerifyLoginDDt" time="10.057"/>
</testsuite> <!-- Default test -->
