<?xml version="1.0" encoding="UTF-8"?>
<testng-results ignored="0" total="4" passed="4" failed="0" skipped="0">
  <reporter-output>
  </reporter-output>
  <suite started-at="2024-12-28T11:53:36 IST" name="Default suite" finished-at="2024-12-28T11:55:14 IST" duration-ms="97954">
    <groups>
    </groups>
    <test started-at="2024-12-28T11:53:36 IST" name="Default test" finished-at="2024-12-28T11:55:14 IST" duration-ms="97954">
      <class name="testCases.OrangeDDTLoginTest">
        <test-method is-config="true" signature="setUp()[pri:0, instance:testCases.OrangeDDTLoginTest@5b7ea70d]" started-at="2024-12-28T11:53:36 IST" name="setUp" finished-at="2024-12-28T11:53:42 IST" duration-ms="5673" status="PASS">
          <reporter-output>
          </reporter-output>
        </test-method> <!-- setUp -->
        <test-method signature="VerifyLoginDDt(java.lang.String,java.lang.String)[pri:0, instance:testCases.OrangeDDTLoginTest@5b7ea70d]" started-at="2024-12-28T11:53:44 IST" name="VerifyLoginDDt" data-provider="loginData" finished-at="2024-12-28T11:54:44 IST" duration-ms="59499" status="PASS">
          <params>
            <param index="0">
              <value>
                <![CDATA[Admin]]>
              </value>
            </param>
            <param index="1">
              <value>
                <![CDATA[admin123]]>
              </value>
            </param>
          </params>
          <reporter-output>
          </reporter-output>
        </test-method> <!-- VerifyLoginDDt -->
        <test-method signature="VerifyLoginDDt(java.lang.String,java.lang.String)[pri:0, instance:testCases.OrangeDDTLoginTest@5b7ea70d]" started-at="2024-12-28T11:54:44 IST" name="VerifyLoginDDt" data-provider="loginData" finished-at="2024-12-28T11:54:54 IST" duration-ms="10034" status="PASS">
          <params>
            <param index="0">
              <value>
                <![CDATA[Admin]]>
              </value>
            </param>
            <param index="1">
              <value>
                <![CDATA[test123]]>
              </value>
            </param>
          </params>
          <reporter-output>
          </reporter-output>
        </test-method> <!-- VerifyLoginDDt -->
        <test-method signature="VerifyLoginDDt(java.lang.String,java.lang.String)[pri:0, instance:testCases.OrangeDDTLoginTest@5b7ea70d]" started-at="2024-12-28T11:54:54 IST" name="VerifyLoginDDt" data-provider="loginData" finished-at="2024-12-28T11:55:04 IST" duration-ms="10061" status="PASS">
          <params>
            <param index="0">
              <value>
                <![CDATA[Admin]]>
              </value>
            </param>
            <param index="1">
              <value>
                <![CDATA[admin123]]>
              </value>
            </param>
          </params>
          <reporter-output>
          </reporter-output>
        </test-method> <!-- VerifyLoginDDt -->
        <test-method signature="VerifyLoginDDt(java.lang.String,java.lang.String)[pri:0, instance:testCases.OrangeDDTLoginTest@5b7ea70d]" started-at="2024-12-28T11:55:04 IST" name="VerifyLoginDDt" data-provider="loginData" finished-at="2024-12-28T11:55:14 IST" duration-ms="10057" status="PASS">
          <params>
            <param index="0">
              <value>
                <![CDATA[Admin]]>
              </value>
            </param>
            <param index="1">
              <value>
                <![CDATA[admin123]]>
              </value>
            </param>
          </params>
          <reporter-output>
          </reporter-output>
        </test-method> <!-- VerifyLoginDDt -->
        <test-method is-config="true" signature="tearDown()[pri:0, instance:testCases.OrangeDDTLoginTest@5b7ea70d]" started-at="2024-12-28T11:55:14 IST" name="tearDown" finished-at="2024-12-28T11:55:14 IST" duration-ms="506" status="PASS">
          <reporter-output>
          </reporter-output>
        </test-method> <!-- tearDown -->
      </class> <!-- testCases.OrangeDDTLoginTest -->
    </test> <!-- Default test -->
  </suite> <!-- Default suite -->
</testng-results>
